[0m10:25:13.663033 [debug] [MainThread]: Sending event: {'category': 'dbt', 'action': 'invocation', 'label': 'start', 'context': [<snowplow_tracker.self_describing_json.SelfDescribingJson object at 0xffff817df770>, <snowplow_tracker.self_describing_json.SelfDescribingJson object at 0xffff83069bd0>, <snowplow_tracker.self_describing_json.SelfDescribingJson object at 0xffff80443d90>]}


============================== 10:25:13.664860 | 2a749894-8fc1-450f-81e5-7719f128aef0 ==============================
[0m10:25:13.664860 [info ] [MainThread]: Running with dbt=1.10.9
[0m10:25:13.665195 [debug] [MainThread]: running dbt with arguments {'no_print': 'None', 'log_cache_events': 'False', 'use_experimental_parser': 'False', 'version_check': 'True', 'indirect_selection': 'eager', 'empty': 'None', 'warn_error_options': 'WarnErrorOptionsV2(error=[], warn=[], silence=[])', 'log_path': 'logs', 'introspect': 'True', 'profiles_dir': '/root/.dbt', 'static_parser': 'True', 'fail_fast': 'False', 'send_anonymous_usage_stats': 'True', 'partial_parse': 'True', 'warn_error': 'None', 'debug': 'False', 'invocation_command': 'dbt init warehouse', 'cache_selected_only': 'False', 'use_colors': 'True', 'log_format': 'default', 'printer_width': '80', 'write_json': 'True', 'quiet': 'False', 'target_path': 'None'}
[0m10:25:13.672310 [info ] [MainThread]: Creating dbt configuration folder at /root/.dbt
[0m10:25:13.674669 [debug] [MainThread]: Starter project path: /usr/local/lib/python3.13/site-packages/dbt/include/starter_project
[0m10:25:13.684422 [info ] [MainThread]: 
Your new dbt project "warehouse" was created!

For more information on how to configure the profiles.yml file,
please consult the dbt documentation here:

  https://docs.getdbt.com/docs/configure-your-profile

One more thing:

Need help? Don't hesitate to reach out to us via GitHub issues or on Slack:

  https://community.getdbt.com/

Happy modeling!

[0m10:25:13.684666 [info ] [MainThread]: Setting up your profile.
[0m10:25:52.736321 [info ] [MainThread]: Profile warehouse written to /root/.dbt/profiles.yml using target's profile_template.yml and your supplied values. Run 'dbt debug' to validate the connection.
[0m10:25:52.739129 [debug] [MainThread]: Resource report: {"command_name": "init", "command_success": true, "command_wall_clock_time": 39.101242, "process_in_blocks": "0", "process_kernel_time": 0.074984, "process_mem_max_rss": "103116", "process_out_blocks": "428", "process_user_time": 0.595879}
[0m10:25:52.739942 [debug] [MainThread]: Command `dbt init` succeeded at 10:25:52.739831 after 39.10 seconds
[0m10:25:52.740436 [debug] [MainThread]: Sending event: {'category': 'dbt', 'action': 'invocation', 'label': 'end', 'context': [<snowplow_tracker.self_describing_json.SelfDescribingJson object at 0xffff803663f0>, <snowplow_tracker.self_describing_json.SelfDescribingJson object at 0xffff814d2d50>, <snowplow_tracker.self_describing_json.SelfDescribingJson object at 0xffff8037cc00>]}
[0m10:25:52.740995 [debug] [MainThread]: Flushing usage events
[0m10:25:53.191291 [debug] [MainThread]: An error was encountered while trying to flush usage events
